<?xml version="1.0" encoding="UTF-8"?>
<!-- Generated by org.testng.reporters.JUnitReportReporter -->
<testsuite hostname="Marti-TOSH" name="RailReactApp.Users" tests="1" failures="0" timestamp="7 Feb 2020 16:05:23 GMT" time="14.186" errors="0">
  <testcase name="ResetPassword" time="14.186" classname="RailReactApp.Users"/>
</testsuite> <!-- RailReactApp.Users -->
